Determining if the pthread_create exist failed with the following output:
Change Dir: /home/jzhang/github/SensorFusionND/SFND_Camera/Lesson 3 - Engineering a Collision Detection System/Estimating TTC with Lidar/TTC_lidar/build/CMakeFiles/CMakeTmp

Run Build Command:"/usr/bin/make" "cmTC_5eed9/fast"
/usr/bin/make -f CMakeFiles/cmTC_5eed9.dir/build.make CMakeFiles/cmTC_5eed9.dir/build
make[1]: Entering directory '/home/jzhang/github/SensorFusionND/SFND_Camera/Lesson 3 - Engineering a Collision Detection System/Estimating TTC with Lidar/TTC_lidar/build/CMakeFiles/CMakeTmp'
Building C object CMakeFiles/cmTC_5eed9.dir/CheckSymbolExists.c.o
/usr/bin/cc    -fPIC    -o CMakeFiles/cmTC_5eed9.dir/CheckSymbolExists.c.o   -c "/home/jzhang/github/SensorFusionND/SFND_Camera/Lesson 3 - Engineering a Collision Detection System/Estimating TTC with Lidar/TTC_lidar/build/CMakeFiles/CMakeTmp/CheckSymbolExists.c"
Linking C executable cmTC_5eed9
/usr/bin/cmake -E cmake_link_script CMakeFiles/cmTC_5eed9.dir/link.txt --verbose=1
/usr/bin/cc  -fPIC     CMakeFiles/cmTC_5eed9.dir/CheckSymbolExists.c.o  -o cmTC_5eed9 -rdynamic 
CMakeFiles/cmTC_5eed9.dir/CheckSymbolExists.c.o: In function `main':
CheckSymbolExists.c:(.text+0x1b): undefined reference to `pthread_create'
collect2: error: ld returned 1 exit status
CMakeFiles/cmTC_5eed9.dir/build.make:97: recipe for target 'cmTC_5eed9' failed
make[1]: *** [cmTC_5eed9] Error 1
make[1]: Leaving directory '/home/jzhang/github/SensorFusionND/SFND_Camera/Lesson 3 - Engineering a Collision Detection System/Estimating TTC with Lidar/TTC_lidar/build/CMakeFiles/CMakeTmp'
Makefile:126: recipe for target 'cmTC_5eed9/fast' failed
make: *** [cmTC_5eed9/fast] Error 2

File /home/jzhang/github/SensorFusionND/SFND_Camera/Lesson 3 - Engineering a Collision Detection System/Estimating TTC with Lidar/TTC_lidar/build/CMakeFiles/CMakeTmp/CheckSymbolExists.c:
/* */
#include <pthread.h>

int main(int argc, char** argv)
{
  (void)argv;
#ifndef pthread_create
  return ((int*)(&pthread_create))[argc];
#else
  (void)argc;
  return 0;
#endif
}

Determining if the function pthread_create exists in the pthreads failed with the following output:
Change Dir: /home/jzhang/github/SensorFusionND/SFND_Camera/Lesson 3 - Engineering a Collision Detection System/Estimating TTC with Lidar/TTC_lidar/build/CMakeFiles/CMakeTmp

Run Build Command:"/usr/bin/make" "cmTC_4a99a/fast"
/usr/bin/make -f CMakeFiles/cmTC_4a99a.dir/build.make CMakeFiles/cmTC_4a99a.dir/build
make[1]: Entering directory '/home/jzhang/github/SensorFusionND/SFND_Camera/Lesson 3 - Engineering a Collision Detection System/Estimating TTC with Lidar/TTC_lidar/build/CMakeFiles/CMakeTmp'
Building C object CMakeFiles/cmTC_4a99a.dir/CheckFunctionExists.c.o
/usr/bin/cc    -fPIC -DCHECK_FUNCTION_EXISTS=pthread_create   -o CMakeFiles/cmTC_4a99a.dir/CheckFunctionExists.c.o   -c /usr/share/cmake-3.5/Modules/CheckFunctionExists.c
Linking C executable cmTC_4a99a
/usr/bin/cmake -E cmake_link_script CMakeFiles/cmTC_4a99a.dir/link.txt --verbose=1
/usr/bin/cc  -fPIC -DCHECK_FUNCTION_EXISTS=pthread_create    CMakeFiles/cmTC_4a99a.dir/CheckFunctionExists.c.o  -o cmTC_4a99a -rdynamic -lpthreads 
/usr/bin/ld: cannot find -lpthreads
collect2: error: ld returned 1 exit status
CMakeFiles/cmTC_4a99a.dir/build.make:97: recipe for target 'cmTC_4a99a' failed
make[1]: *** [cmTC_4a99a] Error 1
make[1]: Leaving directory '/home/jzhang/github/SensorFusionND/SFND_Camera/Lesson 3 - Engineering a Collision Detection System/Estimating TTC with Lidar/TTC_lidar/build/CMakeFiles/CMakeTmp'
Makefile:126: recipe for target 'cmTC_4a99a/fast' failed
make: *** [cmTC_4a99a/fast] Error 2


